2023-01-05 08:26:47,359 [Worker-4: Loading available Gradle versions] INFO  o.e.b.c.i.u.g.PublishedGradleVersions - Gradle version information cache is out-of-date. Trying to update.
2023-01-05 08:28:11,029 [Worker-9: Creating project "RestAssured"] INFO  o.e.m.c.i.l.LifecycleMappingFactory - Using org.eclipse.m2e.jdt.JarLifecycleMapping lifecycle mapping for MavenProject: RestAssured:RestAssured:0.0.1-SNAPSHOT @ C:\Users\admin\Desktop\Auto\RestAssured\pom.xml.
2023-01-05 08:28:11,383 [Worker-9: Creating project "RestAssured"] INFO  o.e.m.j.i.AbstractJavaProjectConfigurator - Adding source folder /RestAssured/src/main/java
2023-01-05 08:28:11,385 [Worker-9: Creating project "RestAssured"] INFO  o.e.m.j.i.AbstractJavaProjectConfigurator - Adding resource folder /RestAssured/src/main/resources
2023-01-05 08:28:11,387 [Worker-9: Creating project "RestAssured"] INFO  o.e.m.j.i.AbstractJavaProjectConfigurator - Adding source folder /RestAssured/src/test/java
2023-01-05 08:28:11,388 [Worker-9: Creating project "RestAssured"] INFO  o.e.m.j.i.AbstractJavaProjectConfigurator - Adding resource folder /RestAssured/src/test/resources
2023-01-05 08:28:12,673 [Worker-9: Building] WARN  o.e.m.c.i.embedder.EclipseLogger - Using platform encoding (UTF-8 actually) to copy filtered resources, i.e. build is platform dependent!
2023-01-05 08:28:12,679 [Worker-9: Building] INFO  o.e.m.c.i.embedder.EclipseLogger - Copying 0 resource
2023-01-05 08:28:12,683 [Worker-9: Building] WARN  o.e.m.c.i.embedder.EclipseLogger - Using platform encoding (UTF-8 actually) to copy filtered resources, i.e. build is platform dependent!
2023-01-05 08:28:12,684 [Worker-9: Building] INFO  o.e.m.c.i.embedder.EclipseLogger - Copying 0 resource
2023-01-05 09:04:05,190 [Worker-32: Building] WARN  o.e.m.c.i.embedder.EclipseLogger - Using platform encoding (UTF-8 actually) to copy filtered resources, i.e. build is platform dependent!
2023-01-05 09:04:05,193 [Worker-32: Building] INFO  o.e.m.c.i.embedder.EclipseLogger - Copying 0 resource
2023-01-05 09:04:05,196 [Worker-32: Building] WARN  o.e.m.c.i.embedder.EclipseLogger - Using platform encoding (UTF-8 actually) to copy filtered resources, i.e. build is platform dependent!
2023-01-05 09:04:05,201 [Worker-32: Building] INFO  o.e.m.c.i.embedder.EclipseLogger - Copying 0 resource
2023-01-05 09:04:24,641 [Worker-30: Building] WARN  o.e.m.c.i.embedder.EclipseLogger - Using platform encoding (UTF-8 actually) to copy filtered resources, i.e. build is platform dependent!
2023-01-05 09:04:24,646 [Worker-30: Building] INFO  o.e.m.c.i.embedder.EclipseLogger - Copying 0 resource
2023-01-05 09:04:24,648 [Worker-30: Building] WARN  o.e.m.c.i.embedder.EclipseLogger - Using platform encoding (UTF-8 actually) to copy filtered resources, i.e. build is platform dependent!
2023-01-05 09:04:24,650 [Worker-30: Building] INFO  o.e.m.c.i.embedder.EclipseLogger - Copying 0 resource
2023-01-05 09:04:29,626 [Worker-30: Building] WARN  o.e.m.c.i.embedder.EclipseLogger - Using platform encoding (UTF-8 actually) to copy filtered resources, i.e. build is platform dependent!
2023-01-05 09:04:29,627 [Worker-30: Building] INFO  o.e.m.c.i.embedder.EclipseLogger - Copying 0 resource
2023-01-05 09:04:29,629 [Worker-30: Building] WARN  o.e.m.c.i.embedder.EclipseLogger - Using platform encoding (UTF-8 actually) to copy filtered resources, i.e. build is platform dependent!
2023-01-05 09:04:29,630 [Worker-30: Building] INFO  o.e.m.c.i.embedder.EclipseLogger - Copying 0 resource
2023-01-05 09:05:43,287 [Worker-32: Building] INFO  o.e.m.c.i.l.LifecycleMappingFactory - Using org.eclipse.m2e.jdt.JarLifecycleMapping lifecycle mapping for MavenProject: RestAssured:RestAssured:0.0.1-SNAPSHOT @ C:\Users\admin\Desktop\Auto\RestAssured\pom.xml.
2023-01-05 09:05:43,709 [Worker-32: Building] WARN  o.e.m.c.i.embedder.EclipseLogger - Using platform encoding (UTF-8 actually) to copy filtered resources, i.e. build is platform dependent!
2023-01-05 09:05:43,711 [Worker-32: Building] INFO  o.e.m.c.i.embedder.EclipseLogger - Copying 0 resource
2023-01-05 09:05:43,714 [Worker-32: Building] WARN  o.e.m.c.i.embedder.EclipseLogger - Using platform encoding (UTF-8 actually) to copy filtered resources, i.e. build is platform dependent!
2023-01-05 09:05:43,715 [Worker-32: Building] INFO  o.e.m.c.i.embedder.EclipseLogger - Copying 0 resource
2023-01-05 09:05:44,851 [Worker-32: Building] WARN  o.e.m.c.i.embedder.EclipseLogger - Using platform encoding (UTF-8 actually) to copy filtered resources, i.e. build is platform dependent!
2023-01-05 09:05:44,864 [Worker-32: Building] INFO  o.e.m.c.i.embedder.EclipseLogger - Copying 0 resource
2023-01-05 09:05:44,867 [Worker-32: Building] WARN  o.e.m.c.i.embedder.EclipseLogger - Using platform encoding (UTF-8 actually) to copy filtered resources, i.e. build is platform dependent!
2023-01-05 09:05:44,872 [Worker-32: Building] INFO  o.e.m.c.i.embedder.EclipseLogger - Copying 0 resource
2023-01-05 09:05:45,659 [Worker-33: Download sources and javadoc] INFO  o.e.m.c.i.e.AbstractTransferListenerAdapter - Downloading https://repo.maven.apache.org/maven2/io/rest-assured/rest-assured/5.3.0/rest-assured-5.3.0-sources.jar
2023-01-05 09:05:46,422 [Worker-33: Download sources and javadoc] INFO  o.e.m.c.i.e.AbstractTransferListenerAdapter - Downloaded https://repo.maven.apache.org/maven2/io/rest-assured/rest-assured/5.3.0/rest-assured-5.3.0-sources.jar
2023-01-05 09:05:46,426 [Worker-33: Download sources and javadoc] INFO  o.e.m.j.internal.DownloadSourcesJob - Downloaded sources for io.rest-assured:rest-assured:5.3.0
2023-01-05 09:05:47,036 [Worker-33: Download sources and javadoc] INFO  o.e.m.c.i.e.AbstractTransferListenerAdapter - Downloading https://repo.maven.apache.org/maven2/org/apache/groovy/groovy/4.0.6/groovy-4.0.6-sources.jar
2023-01-05 09:05:48,418 [Worker-33: Download sources and javadoc] INFO  o.e.m.c.i.e.AbstractTransferListenerAdapter - Downloaded https://repo.maven.apache.org/maven2/org/apache/groovy/groovy/4.0.6/groovy-4.0.6-sources.jar
2023-01-05 09:05:48,422 [Worker-33: Download sources and javadoc] INFO  o.e.m.j.internal.DownloadSourcesJob - Downloaded sources for org.apache.groovy:groovy:4.0.6
2023-01-05 09:05:49,012 [Worker-33: Download sources and javadoc] INFO  o.e.m.c.i.e.AbstractTransferListenerAdapter - Downloading https://repo.maven.apache.org/maven2/org/apache/groovy/groovy-xml/4.0.6/groovy-xml-4.0.6-sources.jar
2023-01-05 09:05:49,357 [Worker-33: Download sources and javadoc] INFO  o.e.m.c.i.e.AbstractTransferListenerAdapter - Downloaded https://repo.maven.apache.org/maven2/org/apache/groovy/groovy-xml/4.0.6/groovy-xml-4.0.6-sources.jar
2023-01-05 09:05:49,360 [Worker-33: Download sources and javadoc] INFO  o.e.m.j.internal.DownloadSourcesJob - Downloaded sources for org.apache.groovy:groovy-xml:4.0.6
2023-01-05 09:05:49,920 [Worker-33: Download sources and javadoc] INFO  o.e.m.c.i.e.AbstractTransferListenerAdapter - Downloading https://repo.maven.apache.org/maven2/org/apache/httpcomponents/httpcore/4.4.13/httpcore-4.4.13-sources.jar
2023-01-05 09:05:50,630 [Worker-33: Download sources and javadoc] INFO  o.e.m.c.i.e.AbstractTransferListenerAdapter - Downloaded https://repo.maven.apache.org/maven2/org/apache/httpcomponents/httpcore/4.4.13/httpcore-4.4.13-sources.jar
2023-01-05 09:05:50,633 [Worker-33: Download sources and javadoc] INFO  o.e.m.j.internal.DownloadSourcesJob - Downloaded sources for org.apache.httpcomponents:httpcore:4.4.13
2023-01-05 09:05:51,203 [Worker-33: Download sources and javadoc] INFO  o.e.m.c.i.e.AbstractTransferListenerAdapter - Downloading https://repo.maven.apache.org/maven2/commons-logging/commons-logging/1.2/commons-logging-1.2-sources.jar
2023-01-05 09:05:51,525 [Worker-33: Download sources and javadoc] INFO  o.e.m.c.i.e.AbstractTransferListenerAdapter - Downloaded https://repo.maven.apache.org/maven2/commons-logging/commons-logging/1.2/commons-logging-1.2-sources.jar
2023-01-05 09:05:51,527 [Worker-33: Download sources and javadoc] INFO  o.e.m.j.internal.DownloadSourcesJob - Downloaded sources for commons-logging:commons-logging:1.2
2023-01-05 09:05:52,147 [Worker-33: Download sources and javadoc] INFO  o.e.m.c.i.e.AbstractTransferListenerAdapter - Downloading https://repo.maven.apache.org/maven2/commons-codec/commons-codec/1.11/commons-codec-1.11-sources.jar
2023-01-05 09:05:52,926 [Worker-33: Download sources and javadoc] INFO  o.e.m.c.i.e.AbstractTransferListenerAdapter - Downloaded https://repo.maven.apache.org/maven2/commons-codec/commons-codec/1.11/commons-codec-1.11-sources.jar
2023-01-05 09:05:52,929 [Worker-33: Download sources and javadoc] INFO  o.e.m.j.internal.DownloadSourcesJob - Downloaded sources for commons-codec:commons-codec:1.11
2023-01-05 09:05:53,575 [Worker-33: Download sources and javadoc] INFO  o.e.m.c.i.e.AbstractTransferListenerAdapter - Downloading https://repo.maven.apache.org/maven2/org/apache/httpcomponents/httpmime/4.5.13/httpmime-4.5.13-sources.jar
2023-01-05 09:05:53,999 [Worker-33: Download sources and javadoc] INFO  o.e.m.c.i.e.AbstractTransferListenerAdapter - Downloaded https://repo.maven.apache.org/maven2/org/apache/httpcomponents/httpmime/4.5.13/httpmime-4.5.13-sources.jar
2023-01-05 09:05:54,002 [Worker-33: Download sources and javadoc] INFO  o.e.m.j.internal.DownloadSourcesJob - Downloaded sources for org.apache.httpcomponents:httpmime:4.5.13
2023-01-05 09:05:54,628 [Worker-33: Download sources and javadoc] INFO  o.e.m.c.i.e.AbstractTransferListenerAdapter - Downloading https://repo.maven.apache.org/maven2/org/hamcrest/hamcrest/2.1/hamcrest-2.1-sources.jar
2023-01-05 09:05:55,010 [Worker-33: Download sources and javadoc] INFO  o.e.m.c.i.e.AbstractTransferListenerAdapter - Downloaded https://repo.maven.apache.org/maven2/org/hamcrest/hamcrest/2.1/hamcrest-2.1-sources.jar
2023-01-05 09:05:55,012 [Worker-33: Download sources and javadoc] INFO  o.e.m.j.internal.DownloadSourcesJob - Downloaded sources for org.hamcrest:hamcrest:2.1
2023-01-05 09:05:55,745 [Worker-33: Download sources and javadoc] INFO  o.e.m.c.i.e.AbstractTransferListenerAdapter - Downloading https://repo.maven.apache.org/maven2/org/ccil/cowan/tagsoup/tagsoup/1.2.1/tagsoup-1.2.1-sources.jar
2023-01-05 09:05:56,086 [Worker-33: Download sources and javadoc] INFO  o.e.m.c.i.e.AbstractTransferListenerAdapter - Downloaded https://repo.maven.apache.org/maven2/org/ccil/cowan/tagsoup/tagsoup/1.2.1/tagsoup-1.2.1-sources.jar
2023-01-05 09:05:56,088 [Worker-33: Download sources and javadoc] INFO  o.e.m.j.internal.DownloadSourcesJob - Downloaded sources for org.ccil.cowan.tagsoup:tagsoup:1.2.1
2023-01-05 09:05:56,674 [Worker-33: Download sources and javadoc] INFO  o.e.m.c.i.e.AbstractTransferListenerAdapter - Downloading https://repo.maven.apache.org/maven2/io/rest-assured/xml-path/5.3.0/xml-path-5.3.0-sources.jar
2023-01-05 09:05:56,955 [Worker-33: Download sources and javadoc] INFO  o.e.m.c.i.e.AbstractTransferListenerAdapter - Downloaded https://repo.maven.apache.org/maven2/io/rest-assured/xml-path/5.3.0/xml-path-5.3.0-sources.jar
2023-01-05 09:05:56,958 [Worker-33: Download sources and javadoc] INFO  o.e.m.j.internal.DownloadSourcesJob - Downloaded sources for io.rest-assured:xml-path:5.3.0
2023-01-05 09:05:57,493 [Worker-33: Download sources and javadoc] INFO  o.e.m.c.i.e.AbstractTransferListenerAdapter - Downloading https://repo.maven.apache.org/maven2/org/apache/commons/commons-lang3/3.11/commons-lang3-3.11-sources.jar
2023-01-05 09:05:58,229 [Worker-33: Download sources and javadoc] INFO  o.e.m.c.i.e.AbstractTransferListenerAdapter - Downloaded https://repo.maven.apache.org/maven2/org/apache/commons/commons-lang3/3.11/commons-lang3-3.11-sources.jar
2023-01-05 09:05:58,232 [Worker-33: Download sources and javadoc] INFO  o.e.m.j.internal.DownloadSourcesJob - Downloaded sources for org.apache.commons:commons-lang3:3.11
2023-01-05 09:05:58,797 [Worker-33: Download sources and javadoc] INFO  o.e.m.c.i.e.AbstractTransferListenerAdapter - Downloading https://repo.maven.apache.org/maven2/io/rest-assured/json-path/4.5.0/json-path-4.5.0-sources.jar
2023-01-05 09:05:59,156 [Worker-33: Download sources and javadoc] INFO  o.e.m.c.i.e.AbstractTransferListenerAdapter - Downloaded https://repo.maven.apache.org/maven2/io/rest-assured/json-path/4.5.0/json-path-4.5.0-sources.jar
2023-01-05 09:05:59,159 [Worker-33: Download sources and javadoc] INFO  o.e.m.j.internal.DownloadSourcesJob - Downloaded sources for io.rest-assured:json-path:4.5.0
2023-01-05 09:05:59,673 [Worker-33: Download sources and javadoc] INFO  o.e.m.c.i.e.AbstractTransferListenerAdapter - Downloading https://repo.maven.apache.org/maven2/org/codehaus/groovy/groovy-json/3.0.9/groovy-json-3.0.9-sources.jar
2023-01-05 09:05:59,979 [Worker-33: Download sources and javadoc] INFO  o.e.m.c.i.e.AbstractTransferListenerAdapter - Downloaded https://repo.maven.apache.org/maven2/org/codehaus/groovy/groovy-json/3.0.9/groovy-json-3.0.9-sources.jar
2023-01-05 09:05:59,982 [Worker-33: Download sources and javadoc] INFO  o.e.m.j.internal.DownloadSourcesJob - Downloaded sources for org.codehaus.groovy:groovy-json:3.0.9
2023-01-05 09:06:00,557 [Worker-33: Download sources and javadoc] INFO  o.e.m.c.i.e.AbstractTransferListenerAdapter - Downloading https://repo.maven.apache.org/maven2/org/codehaus/groovy/groovy/3.0.9/groovy-3.0.9-sources.jar
2023-01-05 09:06:02,036 [Worker-33: Download sources and javadoc] INFO  o.e.m.c.i.e.AbstractTransferListenerAdapter - Downloaded https://repo.maven.apache.org/maven2/org/codehaus/groovy/groovy/3.0.9/groovy-3.0.9-sources.jar
2023-01-05 09:06:02,040 [Worker-33: Download sources and javadoc] INFO  o.e.m.j.internal.DownloadSourcesJob - Downloaded sources for org.codehaus.groovy:groovy:3.0.9
2023-01-05 09:06:02,699 [Worker-33: Download sources and javadoc] INFO  o.e.m.c.i.e.AbstractTransferListenerAdapter - Downloading https://repo.maven.apache.org/maven2/io/rest-assured/rest-assured-common/4.5.0/rest-assured-common-4.5.0-sources.jar
2023-01-05 09:06:03,025 [Worker-33: Download sources and javadoc] INFO  o.e.m.c.i.e.AbstractTransferListenerAdapter - Downloaded https://repo.maven.apache.org/maven2/io/rest-assured/rest-assured-common/4.5.0/rest-assured-common-4.5.0-sources.jar
2023-01-05 09:06:03,028 [Worker-33: Download sources and javadoc] INFO  o.e.m.j.internal.DownloadSourcesJob - Downloaded sources for io.rest-assured:rest-assured-common:4.5.0
2023-01-05 09:06:03,709 [Worker-33: Download sources and javadoc] INFO  o.e.m.c.i.e.AbstractTransferListenerAdapter - Downloading https://repo.maven.apache.org/maven2/org/json/json/20220320/json-20220320-sources.jar
2023-01-05 09:06:04,119 [Worker-33: Download sources and javadoc] INFO  o.e.m.c.i.e.AbstractTransferListenerAdapter - Downloaded https://repo.maven.apache.org/maven2/org/json/json/20220320/json-20220320-sources.jar
2023-01-05 09:06:04,121 [Worker-33: Download sources and javadoc] INFO  o.e.m.j.internal.DownloadSourcesJob - Downloaded sources for org.json:json:20220320
2023-01-05 09:06:05,092 [Worker-33: Building] WARN  o.e.m.c.i.embedder.EclipseLogger - Using platform encoding (UTF-8 actually) to copy filtered resources, i.e. build is platform dependent!
2023-01-05 09:06:05,094 [Worker-33: Building] INFO  o.e.m.c.i.embedder.EclipseLogger - Copying 0 resource
2023-01-05 09:06:05,096 [Worker-33: Building] WARN  o.e.m.c.i.embedder.EclipseLogger - Using platform encoding (UTF-8 actually) to copy filtered resources, i.e. build is platform dependent!
2023-01-05 09:06:05,098 [Worker-33: Building] INFO  o.e.m.c.i.embedder.EclipseLogger - Copying 0 resource
2023-01-05 09:06:06,111 [Worker-30: Building] WARN  o.e.m.c.i.embedder.EclipseLogger - Using platform encoding (UTF-8 actually) to copy filtered resources, i.e. build is platform dependent!
2023-01-05 09:06:06,112 [Worker-30: Building] INFO  o.e.m.c.i.embedder.EclipseLogger - Copying 0 resource
2023-01-05 09:06:06,114 [Worker-30: Building] WARN  o.e.m.c.i.embedder.EclipseLogger - Using platform encoding (UTF-8 actually) to copy filtered resources, i.e. build is platform dependent!
2023-01-05 09:06:06,115 [Worker-30: Building] INFO  o.e.m.c.i.embedder.EclipseLogger - Copying 0 resource
2023-01-05 09:39:06,758 [Worker-32: Building] WARN  o.e.m.c.i.embedder.EclipseLogger - Using platform encoding (UTF-8 actually) to copy filtered resources, i.e. build is platform dependent!
2023-01-05 09:39:06,759 [Worker-32: Building] INFO  o.e.m.c.i.embedder.EclipseLogger - Copying 0 resource
2023-01-05 09:39:06,761 [Worker-32: Building] WARN  o.e.m.c.i.embedder.EclipseLogger - Using platform encoding (UTF-8 actually) to copy filtered resources, i.e. build is platform dependent!
2023-01-05 09:39:06,763 [Worker-32: Building] INFO  o.e.m.c.i.embedder.EclipseLogger - Copying 0 resource
2023-01-08 23:27:32,462 [Worker-1: Loading available Gradle versions] INFO  o.e.b.c.i.u.g.PublishedGradleVersions - Gradle version information cache is out-of-date. Trying to update.
2023-01-09 08:12:28,969 [Worker-3: Loading available Gradle versions] INFO  o.e.b.c.i.u.g.PublishedGradleVersions - Gradle version information cache is up-to-date. Trying to read.
2023-01-09 08:15:05,506 [Worker-12: Building] INFO  o.e.m.c.i.l.LifecycleMappingFactory - Using org.eclipse.m2e.jdt.JarLifecycleMapping lifecycle mapping for MavenProject: RestAssured:RestAssured:0.0.1-SNAPSHOT @ C:\Users\admin\Desktop\Auto\RestAssured\pom.xml.
2023-01-09 08:15:07,165 [Worker-12: Building] WARN  o.e.m.c.i.embedder.EclipseLogger - Using platform encoding (UTF-8 actually) to copy filtered resources, i.e. build is platform dependent!
2023-01-09 08:15:07,171 [Worker-12: Building] INFO  o.e.m.c.i.embedder.EclipseLogger - Copying 0 resource
2023-01-09 08:15:07,174 [Worker-12: Building] WARN  o.e.m.c.i.embedder.EclipseLogger - Using platform encoding (UTF-8 actually) to copy filtered resources, i.e. build is platform dependent!
2023-01-09 08:15:07,176 [Worker-12: Building] INFO  o.e.m.c.i.embedder.EclipseLogger - Copying 0 resource
2023-01-09 08:15:08,410 [Worker-12: Building] WARN  o.e.m.c.i.embedder.EclipseLogger - Using platform encoding (UTF-8 actually) to copy filtered resources, i.e. build is platform dependent!
2023-01-09 08:15:08,413 [Worker-12: Building] INFO  o.e.m.c.i.embedder.EclipseLogger - Copying 0 resource
2023-01-09 08:15:08,415 [Worker-12: Building] WARN  o.e.m.c.i.embedder.EclipseLogger - Using platform encoding (UTF-8 actually) to copy filtered resources, i.e. build is platform dependent!
2023-01-09 08:15:08,418 [Worker-12: Building] INFO  o.e.m.c.i.embedder.EclipseLogger - Copying 0 resource
2023-01-09 08:15:08,599 [Worker-13: Download sources and javadoc] INFO  o.e.m.c.i.e.AbstractTransferListenerAdapter - Downloading https://repo.maven.apache.org/maven2/io/rest-assured/json-path/5.3.0/json-path-5.3.0-sources.jar
2023-01-09 08:15:08,853 [Worker-13: Download sources and javadoc] INFO  o.e.m.c.i.e.AbstractTransferListenerAdapter - Downloaded https://repo.maven.apache.org/maven2/io/rest-assured/json-path/5.3.0/json-path-5.3.0-sources.jar
2023-01-09 08:15:09,509 [Worker-13: Download sources and javadoc] INFO  o.e.m.j.internal.DownloadSourcesJob - Downloaded sources for io.rest-assured:json-path:5.3.0
2023-01-09 08:15:10,033 [Worker-13: Download sources and javadoc] INFO  o.e.m.c.i.e.AbstractTransferListenerAdapter - Downloading https://repo.maven.apache.org/maven2/org/apache/groovy/groovy-json/4.0.6/groovy-json-4.0.6-sources.jar
2023-01-09 08:15:10,453 [Worker-13: Download sources and javadoc] INFO  o.e.m.c.i.e.AbstractTransferListenerAdapter - Downloaded https://repo.maven.apache.org/maven2/org/apache/groovy/groovy-json/4.0.6/groovy-json-4.0.6-sources.jar
2023-01-09 08:15:11,242 [Worker-13: Download sources and javadoc] INFO  o.e.m.j.internal.DownloadSourcesJob - Downloaded sources for org.apache.groovy:groovy-json:4.0.6
2023-01-09 08:15:11,789 [Worker-13: Download sources and javadoc] INFO  o.e.m.c.i.e.AbstractTransferListenerAdapter - Downloading https://repo.maven.apache.org/maven2/io/rest-assured/rest-assured-common/5.3.0/rest-assured-common-5.3.0-sources.jar
2023-01-09 08:15:12,057 [Worker-13: Download sources and javadoc] INFO  o.e.m.c.i.e.AbstractTransferListenerAdapter - Downloaded https://repo.maven.apache.org/maven2/io/rest-assured/rest-assured-common/5.3.0/rest-assured-common-5.3.0-sources.jar
2023-01-09 08:15:12,695 [Worker-13: Download sources and javadoc] INFO  o.e.m.j.internal.DownloadSourcesJob - Downloaded sources for io.rest-assured:rest-assured-common:5.3.0
2023-01-09 08:15:12,932 [Worker-7: Building] WARN  o.e.m.c.i.embedder.EclipseLogger - Using platform encoding (UTF-8 actually) to copy filtered resources, i.e. build is platform dependent!
2023-01-09 08:15:12,933 [Worker-7: Building] INFO  o.e.m.c.i.embedder.EclipseLogger - Copying 0 resource
2023-01-09 08:15:12,935 [Worker-7: Building] WARN  o.e.m.c.i.embedder.EclipseLogger - Using platform encoding (UTF-8 actually) to copy filtered resources, i.e. build is platform dependent!
2023-01-09 08:15:12,937 [Worker-7: Building] INFO  o.e.m.c.i.embedder.EclipseLogger - Copying 0 resource
2023-01-09 08:19:33,088 [Worker-12: Building] INFO  o.e.m.c.i.l.LifecycleMappingFactory - Using org.eclipse.m2e.jdt.JarLifecycleMapping lifecycle mapping for MavenProject: RestAssured:RestAssured:0.0.1-SNAPSHOT @ C:\Users\admin\Desktop\Auto\RestAssured\pom.xml.
2023-01-09 08:19:33,941 [Worker-12: Building] WARN  o.e.m.c.i.embedder.EclipseLogger - Using platform encoding (UTF-8 actually) to copy filtered resources, i.e. build is platform dependent!
2023-01-09 08:19:33,944 [Worker-12: Building] INFO  o.e.m.c.i.embedder.EclipseLogger - Copying 0 resource
2023-01-09 08:19:33,947 [Worker-12: Building] WARN  o.e.m.c.i.embedder.EclipseLogger - Using platform encoding (UTF-8 actually) to copy filtered resources, i.e. build is platform dependent!
2023-01-09 08:19:33,948 [Worker-12: Building] INFO  o.e.m.c.i.embedder.EclipseLogger - Copying 0 resource
2023-01-09 08:19:35,334 [Worker-14: Building] WARN  o.e.m.c.i.embedder.EclipseLogger - Using platform encoding (UTF-8 actually) to copy filtered resources, i.e. build is platform dependent!
2023-01-09 08:19:35,335 [Worker-14: Building] INFO  o.e.m.c.i.embedder.EclipseLogger - Copying 0 resource
2023-01-09 08:19:35,337 [Worker-14: Building] WARN  o.e.m.c.i.embedder.EclipseLogger - Using platform encoding (UTF-8 actually) to copy filtered resources, i.e. build is platform dependent!
2023-01-09 08:19:35,339 [Worker-14: Building] INFO  o.e.m.c.i.embedder.EclipseLogger - Copying 0 resource
2023-01-09 08:19:35,527 [Worker-12: Download sources and javadoc] INFO  o.e.m.c.i.e.AbstractTransferListenerAdapter - Downloading https://repo.maven.apache.org/maven2/io/rest-assured/json-path/3.0.0/json-path-3.0.0-sources.jar
2023-01-09 08:19:35,850 [Worker-12: Download sources and javadoc] INFO  o.e.m.c.i.e.AbstractTransferListenerAdapter - Downloaded https://repo.maven.apache.org/maven2/io/rest-assured/json-path/3.0.0/json-path-3.0.0-sources.jar
2023-01-09 08:19:36,027 [Worker-12: Download sources and javadoc] INFO  o.e.m.j.internal.DownloadSourcesJob - Downloaded sources for io.rest-assured:json-path:3.0.0
2023-01-09 08:19:36,674 [Worker-12: Download sources and javadoc] INFO  o.e.m.c.i.e.AbstractTransferListenerAdapter - Downloading https://repo.maven.apache.org/maven2/org/codehaus/groovy/groovy-json/2.4.6/groovy-json-2.4.6-sources.jar
2023-01-09 08:19:37,004 [Worker-12: Download sources and javadoc] INFO  o.e.m.c.i.e.AbstractTransferListenerAdapter - Downloaded https://repo.maven.apache.org/maven2/org/codehaus/groovy/groovy-json/2.4.6/groovy-json-2.4.6-sources.jar
2023-01-09 08:19:38,594 [Worker-12: Download sources and javadoc] INFO  o.e.m.j.internal.DownloadSourcesJob - Downloaded sources for org.codehaus.groovy:groovy-json:2.4.6
2023-01-09 08:19:39,136 [Worker-12: Download sources and javadoc] INFO  o.e.m.c.i.e.AbstractTransferListenerAdapter - Downloading https://repo.maven.apache.org/maven2/org/codehaus/groovy/groovy/2.4.6/groovy-2.4.6-sources.jar
2023-01-09 08:19:40,236 [Worker-12: Download sources and javadoc] INFO  o.e.m.c.i.e.AbstractTransferListenerAdapter - Downloaded https://repo.maven.apache.org/maven2/org/codehaus/groovy/groovy/2.4.6/groovy-2.4.6-sources.jar
2023-01-09 08:19:41,081 [Worker-12: Download sources and javadoc] INFO  o.e.m.j.internal.DownloadSourcesJob - Downloaded sources for org.codehaus.groovy:groovy:2.4.6
2023-01-09 08:19:41,624 [Worker-12: Download sources and javadoc] INFO  o.e.m.c.i.e.AbstractTransferListenerAdapter - Downloading https://repo.maven.apache.org/maven2/io/rest-assured/rest-assured-common/3.0.0/rest-assured-common-3.0.0-sources.jar
2023-01-09 08:19:41,886 [Worker-12: Download sources and javadoc] INFO  o.e.m.c.i.e.AbstractTransferListenerAdapter - Downloaded https://repo.maven.apache.org/maven2/io/rest-assured/rest-assured-common/3.0.0/rest-assured-common-3.0.0-sources.jar
2023-01-09 08:19:42,255 [Worker-12: Download sources and javadoc] INFO  o.e.m.j.internal.DownloadSourcesJob - Downloaded sources for io.rest-assured:rest-assured-common:3.0.0
2023-01-09 08:19:42,816 [Worker-12: Download sources and javadoc] INFO  o.e.m.c.i.e.AbstractTransferListenerAdapter - Downloading https://repo.maven.apache.org/maven2/org/testng/testng/7.6.1/testng-7.6.1-sources.jar
2023-01-09 08:19:43,659 [Worker-12: Download sources and javadoc] INFO  o.e.m.c.i.e.AbstractTransferListenerAdapter - Downloaded https://repo.maven.apache.org/maven2/org/testng/testng/7.6.1/testng-7.6.1-sources.jar
2023-01-09 08:19:44,280 [Worker-12: Download sources and javadoc] INFO  o.e.m.j.internal.DownloadSourcesJob - Downloaded sources for org.testng:testng:7.6.1
2023-01-09 08:19:44,839 [Worker-12: Download sources and javadoc] INFO  o.e.m.c.i.e.AbstractTransferListenerAdapter - Downloading https://repo.maven.apache.org/maven2/com/github/fge/json-schema-validator/2.2.6/json-schema-validator-2.2.6-sources.jar
2023-01-09 08:19:45,406 [Worker-12: Download sources and javadoc] INFO  o.e.m.c.i.e.AbstractTransferListenerAdapter - Downloaded https://repo.maven.apache.org/maven2/com/github/fge/json-schema-validator/2.2.6/json-schema-validator-2.2.6-sources.jar
2023-01-09 08:19:46,218 [Worker-12: Download sources and javadoc] INFO  o.e.m.j.internal.DownloadSourcesJob - Downloaded sources for com.github.fge:json-schema-validator:2.2.6
2023-01-09 08:19:46,757 [Worker-12: Download sources and javadoc] INFO  o.e.m.c.i.e.AbstractTransferListenerAdapter - Downloading https://repo.maven.apache.org/maven2/joda-time/joda-time/2.3/joda-time-2.3-sources.jar
2023-01-09 08:19:47,552 [Worker-12: Download sources and javadoc] INFO  o.e.m.c.i.e.AbstractTransferListenerAdapter - Downloaded https://repo.maven.apache.org/maven2/joda-time/joda-time/2.3/joda-time-2.3-sources.jar
2023-01-09 08:19:48,353 [Worker-12: Download sources and javadoc] INFO  o.e.m.j.internal.DownloadSourcesJob - Downloaded sources for joda-time:joda-time:2.3
2023-01-09 08:19:48,915 [Worker-12: Download sources and javadoc] INFO  o.e.m.c.i.e.AbstractTransferListenerAdapter - Downloading https://repo.maven.apache.org/maven2/com/googlecode/libphonenumber/libphonenumber/6.2/libphonenumber-6.2-sources.jar
2023-01-09 08:19:49,524 [Worker-12: Download sources and javadoc] INFO  o.e.m.c.i.e.AbstractTransferListenerAdapter - Downloaded https://repo.maven.apache.org/maven2/com/googlecode/libphonenumber/libphonenumber/6.2/libphonenumber-6.2-sources.jar
2023-01-09 08:19:50,423 [Worker-12: Download sources and javadoc] INFO  o.e.m.j.internal.DownloadSourcesJob - Downloaded sources for com.googlecode.libphonenumber:libphonenumber:6.2
2023-01-09 08:19:50,978 [Worker-12: Download sources and javadoc] INFO  o.e.m.c.i.e.AbstractTransferListenerAdapter - Downloading https://repo.maven.apache.org/maven2/com/github/fge/json-schema-core/1.2.5/json-schema-core-1.2.5-sources.jar
2023-01-09 08:19:51,548 [Worker-12: Download sources and javadoc] INFO  o.e.m.c.i.e.AbstractTransferListenerAdapter - Downloaded https://repo.maven.apache.org/maven2/com/github/fge/json-schema-core/1.2.5/json-schema-core-1.2.5-sources.jar
2023-01-09 08:19:52,129 [Worker-12: Download sources and javadoc] INFO  o.e.m.j.internal.DownloadSourcesJob - Downloaded sources for com.github.fge:json-schema-core:1.2.5
2023-01-09 08:19:52,669 [Worker-12: Download sources and javadoc] INFO  o.e.m.c.i.e.AbstractTransferListenerAdapter - Downloading https://repo.maven.apache.org/maven2/com/github/fge/uri-template/0.9/uri-template-0.9-sources.jar
2023-01-09 08:19:52,944 [Worker-12: Download sources and javadoc] INFO  o.e.m.c.i.e.AbstractTransferListenerAdapter - Downloaded https://repo.maven.apache.org/maven2/com/github/fge/uri-template/0.9/uri-template-0.9-sources.jar
2023-01-09 08:19:53,933 [Worker-12: Download sources and javadoc] INFO  o.e.m.j.internal.DownloadSourcesJob - Downloaded sources for com.github.fge:uri-template:0.9
2023-01-09 08:19:54,523 [Worker-12: Download sources and javadoc] INFO  o.e.m.c.i.e.AbstractTransferListenerAdapter - Downloading https://repo.maven.apache.org/maven2/com/github/fge/msg-simple/1.1/msg-simple-1.1-sources.jar
2023-01-09 08:19:54,804 [Worker-12: Download sources and javadoc] INFO  o.e.m.c.i.e.AbstractTransferListenerAdapter - Downloaded https://repo.maven.apache.org/maven2/com/github/fge/msg-simple/1.1/msg-simple-1.1-sources.jar
2023-01-09 08:19:56,011 [Worker-12: Download sources and javadoc] INFO  o.e.m.j.internal.DownloadSourcesJob - Downloaded sources for com.github.fge:msg-simple:1.1
2023-01-09 08:19:56,613 [Worker-12: Download sources and javadoc] INFO  o.e.m.c.i.e.AbstractTransferListenerAdapter - Downloading https://repo.maven.apache.org/maven2/com/github/fge/btf/1.2/btf-1.2-sources.jar
2023-01-09 08:19:56,910 [Worker-12: Download sources and javadoc] INFO  o.e.m.c.i.e.AbstractTransferListenerAdapter - Downloaded https://repo.maven.apache.org/maven2/com/github/fge/btf/1.2/btf-1.2-sources.jar
2023-01-09 08:19:57,727 [Worker-12: Download sources and javadoc] INFO  o.e.m.j.internal.DownloadSourcesJob - Downloaded sources for com.github.fge:btf:1.2
2023-01-09 08:19:58,286 [Worker-12: Download sources and javadoc] INFO  o.e.m.c.i.e.AbstractTransferListenerAdapter - Downloading https://repo.maven.apache.org/maven2/com/google/guava/guava/16.0.1/guava-16.0.1-sources.jar
2023-01-09 08:19:59,189 [Worker-12: Download sources and javadoc] INFO  o.e.m.c.i.e.AbstractTransferListenerAdapter - Downloaded https://repo.maven.apache.org/maven2/com/google/guava/guava/16.0.1/guava-16.0.1-sources.jar
2023-01-09 08:19:59,962 [Worker-12: Download sources and javadoc] INFO  o.e.m.j.internal.DownloadSourcesJob - Downloaded sources for com.google.guava:guava:16.0.1
2023-01-09 08:20:00,560 [Worker-12: Download sources and javadoc] INFO  o.e.m.c.i.e.AbstractTransferListenerAdapter - Downloading https://repo.maven.apache.org/maven2/com/github/fge/jackson-coreutils/1.8/jackson-coreutils-1.8-sources.jar
2023-01-09 08:20:00,850 [Worker-12: Download sources and javadoc] INFO  o.e.m.c.i.e.AbstractTransferListenerAdapter - Downloaded https://repo.maven.apache.org/maven2/com/github/fge/jackson-coreutils/1.8/jackson-coreutils-1.8-sources.jar
2023-01-09 08:20:01,426 [Worker-12: Download sources and javadoc] INFO  o.e.m.j.internal.DownloadSourcesJob - Downloaded sources for com.github.fge:jackson-coreutils:1.8
2023-01-09 08:20:01,990 [Worker-12: Download sources and javadoc] INFO  o.e.m.c.i.e.AbstractTransferListenerAdapter - Downloading https://repo.maven.apache.org/maven2/com/fasterxml/jackson/core/jackson-databind/2.2.3/jackson-databind-2.2.3-sources.jar
2023-01-09 08:20:02,813 [Worker-12: Download sources and javadoc] INFO  o.e.m.c.i.e.AbstractTransferListenerAdapter - Downloaded https://repo.maven.apache.org/maven2/com/fasterxml/jackson/core/jackson-databind/2.2.3/jackson-databind-2.2.3-sources.jar
2023-01-09 08:20:03,756 [Worker-12: Download sources and javadoc] INFO  o.e.m.j.internal.DownloadSourcesJob - Downloaded sources for com.fasterxml.jackson.core:jackson-databind:2.2.3
2023-01-09 08:20:04,319 [Worker-12: Download sources and javadoc] INFO  o.e.m.c.i.e.AbstractTransferListenerAdapter - Downloading https://repo.maven.apache.org/maven2/com/fasterxml/jackson/core/jackson-annotations/2.2.3/jackson-annotations-2.2.3-sources.jar
2023-01-09 08:20:04,589 [Worker-12: Download sources and javadoc] INFO  o.e.m.c.i.e.AbstractTransferListenerAdapter - Downloaded https://repo.maven.apache.org/maven2/com/fasterxml/jackson/core/jackson-annotations/2.2.3/jackson-annotations-2.2.3-sources.jar
2023-01-09 08:20:05,462 [Worker-12: Download sources and javadoc] INFO  o.e.m.j.internal.DownloadSourcesJob - Downloaded sources for com.fasterxml.jackson.core:jackson-annotations:2.2.3
2023-01-09 08:20:06,006 [Worker-12: Download sources and javadoc] INFO  o.e.m.c.i.e.AbstractTransferListenerAdapter - Downloading https://repo.maven.apache.org/maven2/com/fasterxml/jackson/core/jackson-core/2.2.3/jackson-core-2.2.3-sources.jar
2023-01-09 08:20:06,566 [Worker-12: Download sources and javadoc] INFO  o.e.m.c.i.e.AbstractTransferListenerAdapter - Downloaded https://repo.maven.apache.org/maven2/com/fasterxml/jackson/core/jackson-core/2.2.3/jackson-core-2.2.3-sources.jar
2023-01-09 08:20:07,050 [Worker-12: Download sources and javadoc] INFO  o.e.m.j.internal.DownloadSourcesJob - Downloaded sources for com.fasterxml.jackson.core:jackson-core:2.2.3
2023-01-09 08:20:07,634 [Worker-12: Download sources and javadoc] INFO  o.e.m.c.i.e.AbstractTransferListenerAdapter - Downloading https://repo.maven.apache.org/maven2/org/mozilla/rhino/1.7R4/rhino-1.7R4-sources.jar
2023-01-09 08:20:08,522 [Worker-12: Download sources and javadoc] INFO  o.e.m.c.i.e.AbstractTransferListenerAdapter - Downloaded https://repo.maven.apache.org/maven2/org/mozilla/rhino/1.7R4/rhino-1.7R4-sources.jar
2023-01-09 08:20:09,089 [Worker-12: Download sources and javadoc] INFO  o.e.m.j.internal.DownloadSourcesJob - Downloaded sources for org.mozilla:rhino:1.7R4
2023-01-09 08:20:09,649 [Worker-12: Download sources and javadoc] INFO  o.e.m.c.i.e.AbstractTransferListenerAdapter - Downloading https://repo.maven.apache.org/maven2/javax/mail/mailapi/1.4.3/mailapi-1.4.3-sources.jar
2023-01-09 08:20:09,924 [Worker-12: Download sources and javadoc] INFO  o.e.m.c.i.e.AbstractTransferListenerAdapter - Downloaded https://repo.maven.apache.org/maven2/javax/mail/mailapi/1.4.3/mailapi-1.4.3-sources.jar
2023-01-09 08:20:11,263 [Worker-12: Download sources and javadoc] INFO  o.e.m.j.internal.DownloadSourcesJob - Downloaded sources for javax.mail:mailapi:1.4.3
2023-01-09 08:20:11,798 [Worker-12: Download sources and javadoc] INFO  o.e.m.c.i.e.AbstractTransferListenerAdapter - Downloading https://repo.maven.apache.org/maven2/javax/activation/activation/1.1/activation-1.1-sources.jar
2023-01-09 08:20:12,083 [Worker-12: Download sources and javadoc] INFO  o.e.m.c.i.e.AbstractTransferListenerAdapter - Downloaded https://repo.maven.apache.org/maven2/javax/activation/activation/1.1/activation-1.1-sources.jar
2023-01-09 08:20:12,555 [Worker-12: Download sources and javadoc] INFO  o.e.m.j.internal.DownloadSourcesJob - Downloaded sources for javax.activation:activation:1.1
2023-01-09 08:20:13,140 [Worker-12: Download sources and javadoc] INFO  o.e.m.c.i.e.AbstractTransferListenerAdapter - Downloading https://repo.maven.apache.org/maven2/net/sf/jopt-simple/jopt-simple/4.6/jopt-simple-4.6-sources.jar
2023-01-09 08:20:13,471 [Worker-12: Download sources and javadoc] INFO  o.e.m.c.i.e.AbstractTransferListenerAdapter - Downloaded https://repo.maven.apache.org/maven2/net/sf/jopt-simple/jopt-simple/4.6/jopt-simple-4.6-sources.jar
2023-01-09 08:20:14,748 [Worker-12: Download sources and javadoc] INFO  o.e.m.j.internal.DownloadSourcesJob - Downloaded sources for net.sf.jopt-simple:jopt-simple:4.6
2023-01-09 08:20:14,989 [Worker-15: Building] WARN  o.e.m.c.i.embedder.EclipseLogger - Using platform encoding (UTF-8 actually) to copy filtered resources, i.e. build is platform dependent!
2023-01-09 08:20:14,990 [Worker-15: Building] INFO  o.e.m.c.i.embedder.EclipseLogger - Copying 0 resource
2023-01-09 08:20:14,992 [Worker-15: Building] WARN  o.e.m.c.i.embedder.EclipseLogger - Using platform encoding (UTF-8 actually) to copy filtered resources, i.e. build is platform dependent!
2023-01-09 08:20:14,993 [Worker-15: Building] INFO  o.e.m.c.i.embedder.EclipseLogger - Copying 0 resource
2023-01-09 08:34:45,023 [Worker-19: Building] WARN  o.e.m.c.i.embedder.EclipseLogger - Using platform encoding (UTF-8 actually) to copy filtered resources, i.e. build is platform dependent!
2023-01-09 08:34:45,024 [Worker-19: Building] INFO  o.e.m.c.i.embedder.EclipseLogger - Copying 0 resource
2023-01-09 08:34:45,026 [Worker-19: Building] WARN  o.e.m.c.i.embedder.EclipseLogger - Using platform encoding (UTF-8 actually) to copy filtered resources, i.e. build is platform dependent!
2023-01-09 08:34:45,027 [Worker-19: Building] INFO  o.e.m.c.i.embedder.EclipseLogger - Copying 0 resource
2023-01-09 08:34:52,163 [Worker-20: Launching GetMethod] INFO  o.e.m.c.i.l.LifecycleMappingFactory - Using org.eclipse.m2e.jdt.JarLifecycleMapping lifecycle mapping for MavenProject: RestAssured:RestAssured:0.0.1-SNAPSHOT @ C:\Users\admin\Desktop\Auto\RestAssured\pom.xml.
2023-01-09 08:34:52,664 [Worker-20: Launching GetMethod] WARN  o.e.m.c.i.embedder.EclipseLogger - Using platform encoding (UTF-8 actually) to copy filtered resources, i.e. build is platform dependent!
2023-01-09 08:34:52,667 [Worker-20: Launching GetMethod] INFO  o.e.m.c.i.embedder.EclipseLogger - Copying 0 resource
2023-01-09 08:34:52,670 [Worker-20: Launching GetMethod] WARN  o.e.m.c.i.embedder.EclipseLogger - Using platform encoding (UTF-8 actually) to copy filtered resources, i.e. build is platform dependent!
2023-01-09 08:34:52,671 [Worker-20: Launching GetMethod] INFO  o.e.m.c.i.embedder.EclipseLogger - Copying 0 resource
2023-01-09 08:47:22,654 [Worker-22: Building] INFO  o.e.m.c.i.l.LifecycleMappingFactory - Using org.eclipse.m2e.jdt.JarLifecycleMapping lifecycle mapping for MavenProject: RestAssured:RestAssured:0.0.1-SNAPSHOT @ C:\Users\admin\Desktop\Auto\RestAssured\pom.xml.
2023-01-09 08:47:23,393 [Worker-22: Building] WARN  o.e.m.c.i.embedder.EclipseLogger - Using platform encoding (UTF-8 actually) to copy filtered resources, i.e. build is platform dependent!
2023-01-09 08:47:23,396 [Worker-22: Building] INFO  o.e.m.c.i.embedder.EclipseLogger - Copying 0 resource
2023-01-09 08:47:23,400 [Worker-22: Building] WARN  o.e.m.c.i.embedder.EclipseLogger - Using platform encoding (UTF-8 actually) to copy filtered resources, i.e. build is platform dependent!
2023-01-09 08:47:23,401 [Worker-22: Building] INFO  o.e.m.c.i.embedder.EclipseLogger - Copying 0 resource
2023-01-09 08:47:24,644 [Worker-29: Building] WARN  o.e.m.c.i.embedder.EclipseLogger - Using platform encoding (UTF-8 actually) to copy filtered resources, i.e. build is platform dependent!
2023-01-09 08:47:24,645 [Worker-29: Building] INFO  o.e.m.c.i.embedder.EclipseLogger - Copying 0 resource
2023-01-09 08:47:24,647 [Worker-29: Building] WARN  o.e.m.c.i.embedder.EclipseLogger - Using platform encoding (UTF-8 actually) to copy filtered resources, i.e. build is platform dependent!
2023-01-09 08:47:24,649 [Worker-29: Building] INFO  o.e.m.c.i.embedder.EclipseLogger - Copying 0 resource
2023-01-09 08:50:48,212 [Worker-30: Launching GetMethod] WARN  o.e.m.c.i.embedder.EclipseLogger - Using platform encoding (UTF-8 actually) to copy filtered resources, i.e. build is platform dependent!
2023-01-09 08:50:48,213 [Worker-30: Launching GetMethod] INFO  o.e.m.c.i.embedder.EclipseLogger - Copying 0 resource
2023-01-09 08:50:48,215 [Worker-30: Launching GetMethod] WARN  o.e.m.c.i.embedder.EclipseLogger - Using platform encoding (UTF-8 actually) to copy filtered resources, i.e. build is platform dependent!
2023-01-09 08:50:48,216 [Worker-30: Launching GetMethod] INFO  o.e.m.c.i.embedder.EclipseLogger - Copying 0 resource
2023-01-09 09:09:16,064 [Worker-34: Launching GetMethod] WARN  o.e.m.c.i.embedder.EclipseLogger - Using platform encoding (UTF-8 actually) to copy filtered resources, i.e. build is platform dependent!
2023-01-09 09:09:16,066 [Worker-34: Launching GetMethod] INFO  o.e.m.c.i.embedder.EclipseLogger - Copying 0 resource
2023-01-09 09:09:16,067 [Worker-34: Launching GetMethod] WARN  o.e.m.c.i.embedder.EclipseLogger - Using platform encoding (UTF-8 actually) to copy filtered resources, i.e. build is platform dependent!
2023-01-09 09:09:16,069 [Worker-34: Launching GetMethod] INFO  o.e.m.c.i.embedder.EclipseLogger - Copying 0 resource
2023-01-09 09:10:14,112 [Worker-31: Launching GetMethod] WARN  o.e.m.c.i.embedder.EclipseLogger - Using platform encoding (UTF-8 actually) to copy filtered resources, i.e. build is platform dependent!
2023-01-09 09:10:14,114 [Worker-31: Launching GetMethod] INFO  o.e.m.c.i.embedder.EclipseLogger - Copying 0 resource
2023-01-09 09:10:14,115 [Worker-31: Launching GetMethod] WARN  o.e.m.c.i.embedder.EclipseLogger - Using platform encoding (UTF-8 actually) to copy filtered resources, i.e. build is platform dependent!
2023-01-09 09:10:14,117 [Worker-31: Launching GetMethod] INFO  o.e.m.c.i.embedder.EclipseLogger - Copying 0 resource
2023-01-09 09:11:06,179 [Worker-35: Building] WARN  o.e.m.c.i.embedder.EclipseLogger - Using platform encoding (UTF-8 actually) to copy filtered resources, i.e. build is platform dependent!
2023-01-09 09:11:06,180 [Worker-35: Building] INFO  o.e.m.c.i.embedder.EclipseLogger - Copying 0 resource
2023-01-09 09:11:06,182 [Worker-35: Building] WARN  o.e.m.c.i.embedder.EclipseLogger - Using platform encoding (UTF-8 actually) to copy filtered resources, i.e. build is platform dependent!
2023-01-09 09:11:06,184 [Worker-35: Building] INFO  o.e.m.c.i.embedder.EclipseLogger - Copying 0 resource
2023-01-09 10:36:26,996 [Worker-1: Loading available Gradle versions] INFO  o.e.b.c.i.u.g.PublishedGradleVersions - Gradle version information cache is up-to-date. Trying to read.
2023-01-09 10:36:34,044 [Worker-6: Building] WARN  o.e.m.c.i.embedder.EclipseLogger - Using platform encoding (UTF-8 actually) to copy filtered resources, i.e. build is platform dependent!
2023-01-09 10:36:34,054 [Worker-6: Building] INFO  o.e.m.c.i.embedder.EclipseLogger - Copying 0 resource
2023-01-09 10:36:34,064 [Worker-6: Building] WARN  o.e.m.c.i.embedder.EclipseLogger - Using platform encoding (UTF-8 actually) to copy filtered resources, i.e. build is platform dependent!
2023-01-09 10:36:34,066 [Worker-6: Building] INFO  o.e.m.c.i.embedder.EclipseLogger - Copying 0 resource
2023-01-09 10:56:08,475 [Worker-14: Launching GetMethod] WARN  o.e.m.c.i.embedder.EclipseLogger - Using platform encoding (UTF-8 actually) to copy filtered resources, i.e. build is platform dependent!
2023-01-09 10:56:08,481 [Worker-14: Launching GetMethod] INFO  o.e.m.c.i.embedder.EclipseLogger - Copying 0 resource
2023-01-09 10:56:08,484 [Worker-14: Launching GetMethod] WARN  o.e.m.c.i.embedder.EclipseLogger - Using platform encoding (UTF-8 actually) to copy filtered resources, i.e. build is platform dependent!
2023-01-09 10:56:08,502 [Worker-14: Launching GetMethod] INFO  o.e.m.c.i.embedder.EclipseLogger - Copying 0 resource
2023-01-09 10:57:22,020 [Worker-16: Launching GetMethod] WARN  o.e.m.c.i.embedder.EclipseLogger - Using platform encoding (UTF-8 actually) to copy filtered resources, i.e. build is platform dependent!
2023-01-09 10:57:22,022 [Worker-16: Launching GetMethod] INFO  o.e.m.c.i.embedder.EclipseLogger - Copying 0 resource
2023-01-09 10:57:22,024 [Worker-16: Launching GetMethod] WARN  o.e.m.c.i.embedder.EclipseLogger - Using platform encoding (UTF-8 actually) to copy filtered resources, i.e. build is platform dependent!
2023-01-09 10:57:22,026 [Worker-16: Launching GetMethod] INFO  o.e.m.c.i.embedder.EclipseLogger - Copying 0 resource
2023-01-09 10:57:42,134 [Worker-17: Launching GetMethod] WARN  o.e.m.c.i.embedder.EclipseLogger - Using platform encoding (UTF-8 actually) to copy filtered resources, i.e. build is platform dependent!
2023-01-09 10:57:42,135 [Worker-17: Launching GetMethod] INFO  o.e.m.c.i.embedder.EclipseLogger - Copying 0 resource
2023-01-09 10:57:42,138 [Worker-17: Launching GetMethod] WARN  o.e.m.c.i.embedder.EclipseLogger - Using platform encoding (UTF-8 actually) to copy filtered resources, i.e. build is platform dependent!
2023-01-09 10:57:42,139 [Worker-17: Launching GetMethod] INFO  o.e.m.c.i.embedder.EclipseLogger - Copying 0 resource
2023-01-09 10:59:01,106 [Worker-18: Building] WARN  o.e.m.c.i.embedder.EclipseLogger - Using platform encoding (UTF-8 actually) to copy filtered resources, i.e. build is platform dependent!
2023-01-09 10:59:01,108 [Worker-18: Building] INFO  o.e.m.c.i.embedder.EclipseLogger - Copying 0 resource
2023-01-09 10:59:01,111 [Worker-18: Building] WARN  o.e.m.c.i.embedder.EclipseLogger - Using platform encoding (UTF-8 actually) to copy filtered resources, i.e. build is platform dependent!
2023-01-09 10:59:01,112 [Worker-18: Building] INFO  o.e.m.c.i.embedder.EclipseLogger - Copying 0 resource
2023-01-09 10:59:37,921 [Worker-19: Building] WARN  o.e.m.c.i.embedder.EclipseLogger - Using platform encoding (UTF-8 actually) to copy filtered resources, i.e. build is platform dependent!
2023-01-09 10:59:37,922 [Worker-19: Building] INFO  o.e.m.c.i.embedder.EclipseLogger - Copying 0 resource
2023-01-09 10:59:37,924 [Worker-19: Building] WARN  o.e.m.c.i.embedder.EclipseLogger - Using platform encoding (UTF-8 actually) to copy filtered resources, i.e. build is platform dependent!
2023-01-09 10:59:37,926 [Worker-19: Building] INFO  o.e.m.c.i.embedder.EclipseLogger - Copying 0 resource
2023-01-09 11:03:43,960 [Worker-17: Launching HttpMethods] WARN  o.e.m.c.i.embedder.EclipseLogger - Using platform encoding (UTF-8 actually) to copy filtered resources, i.e. build is platform dependent!
2023-01-09 11:03:43,962 [Worker-17: Launching HttpMethods] INFO  o.e.m.c.i.embedder.EclipseLogger - Copying 0 resource
2023-01-09 11:03:43,964 [Worker-17: Launching HttpMethods] WARN  o.e.m.c.i.embedder.EclipseLogger - Using platform encoding (UTF-8 actually) to copy filtered resources, i.e. build is platform dependent!
2023-01-09 11:03:43,965 [Worker-17: Launching HttpMethods] INFO  o.e.m.c.i.embedder.EclipseLogger - Copying 0 resource
2023-01-09 11:05:18,355 [Worker-12: Launching HttpMethods] WARN  o.e.m.c.i.embedder.EclipseLogger - Using platform encoding (UTF-8 actually) to copy filtered resources, i.e. build is platform dependent!
2023-01-09 11:05:18,357 [Worker-12: Launching HttpMethods] INFO  o.e.m.c.i.embedder.EclipseLogger - Copying 0 resource
2023-01-09 11:05:18,360 [Worker-12: Launching HttpMethods] WARN  o.e.m.c.i.embedder.EclipseLogger - Using platform encoding (UTF-8 actually) to copy filtered resources, i.e. build is platform dependent!
2023-01-09 11:05:18,361 [Worker-12: Launching HttpMethods] INFO  o.e.m.c.i.embedder.EclipseLogger - Copying 0 resource
2023-01-09 23:09:31,778 [Worker-2: Loading available Gradle versions] INFO  o.e.b.c.i.u.g.PublishedGradleVersions - Gradle version information cache is up-to-date. Trying to read.
2023-01-09 23:11:19,271 [Worker-3: Building] WARN  o.e.m.c.i.embedder.EclipseLogger - Using platform encoding (UTF-8 actually) to copy filtered resources, i.e. build is platform dependent!
2023-01-09 23:11:19,277 [Worker-3: Building] INFO  o.e.m.c.i.embedder.EclipseLogger - Copying 0 resource
2023-01-09 23:11:19,280 [Worker-3: Building] WARN  o.e.m.c.i.embedder.EclipseLogger - Using platform encoding (UTF-8 actually) to copy filtered resources, i.e. build is platform dependent!
2023-01-09 23:11:19,282 [Worker-3: Building] INFO  o.e.m.c.i.embedder.EclipseLogger - Copying 0 resource
2023-01-09 23:22:10,988 [Worker-8: Building] WARN  o.e.m.c.i.embedder.EclipseLogger - Using platform encoding (UTF-8 actually) to copy filtered resources, i.e. build is platform dependent!
2023-01-09 23:22:10,992 [Worker-8: Building] INFO  o.e.m.c.i.embedder.EclipseLogger - Copying 0 resource
2023-01-09 23:22:10,994 [Worker-8: Building] WARN  o.e.m.c.i.embedder.EclipseLogger - Using platform encoding (UTF-8 actually) to copy filtered resources, i.e. build is platform dependent!
2023-01-09 23:22:10,998 [Worker-8: Building] INFO  o.e.m.c.i.embedder.EclipseLogger - Copying 0 resource
2023-01-09 23:22:18,524 [Worker-8: Launching PostMethodBodyMethods] WARN  o.e.m.c.i.embedder.EclipseLogger - Using platform encoding (UTF-8 actually) to copy filtered resources, i.e. build is platform dependent!
2023-01-09 23:22:18,526 [Worker-8: Launching PostMethodBodyMethods] INFO  o.e.m.c.i.embedder.EclipseLogger - Copying 0 resource
2023-01-09 23:22:18,529 [Worker-8: Launching PostMethodBodyMethods] WARN  o.e.m.c.i.embedder.EclipseLogger - Using platform encoding (UTF-8 actually) to copy filtered resources, i.e. build is platform dependent!
2023-01-09 23:22:18,531 [Worker-8: Launching PostMethodBodyMethods] INFO  o.e.m.c.i.embedder.EclipseLogger - Copying 0 resource
2023-01-09 23:23:42,680 [Worker-14: Launching PostMethodBodyMethods] WARN  o.e.m.c.i.embedder.EclipseLogger - Using platform encoding (UTF-8 actually) to copy filtered resources, i.e. build is platform dependent!
2023-01-09 23:23:42,682 [Worker-14: Launching PostMethodBodyMethods] INFO  o.e.m.c.i.embedder.EclipseLogger - Copying 0 resource
2023-01-09 23:23:42,686 [Worker-14: Launching PostMethodBodyMethods] WARN  o.e.m.c.i.embedder.EclipseLogger - Using platform encoding (UTF-8 actually) to copy filtered resources, i.e. build is platform dependent!
2023-01-09 23:23:42,688 [Worker-14: Launching PostMethodBodyMethods] INFO  o.e.m.c.i.embedder.EclipseLogger - Copying 0 resource
2023-01-10 00:17:02,717 [Worker-2: Loading available Gradle versions] INFO  o.e.b.c.i.u.g.PublishedGradleVersions - Gradle version information cache is up-to-date. Trying to read.
2023-01-10 00:17:05,004 [Worker-5: Building] WARN  o.e.m.c.i.embedder.EclipseLogger - Using platform encoding (UTF-8 actually) to copy filtered resources, i.e. build is platform dependent!
2023-01-10 00:17:05,011 [Worker-5: Building] INFO  o.e.m.c.i.embedder.EclipseLogger - Copying 0 resource
2023-01-10 00:17:05,016 [Worker-5: Building] WARN  o.e.m.c.i.embedder.EclipseLogger - Using platform encoding (UTF-8 actually) to copy filtered resources, i.e. build is platform dependent!
2023-01-10 00:17:05,018 [Worker-5: Building] INFO  o.e.m.c.i.embedder.EclipseLogger - Copying 0 resource
2023-01-10 00:17:45,065 [Worker-2: Building] WARN  o.e.m.c.i.embedder.EclipseLogger - Using platform encoding (UTF-8 actually) to copy filtered resources, i.e. build is platform dependent!
2023-01-10 00:17:45,074 [Worker-2: Building] INFO  o.e.m.c.i.embedder.EclipseLogger - Copying 0 resource
2023-01-10 00:17:45,077 [Worker-2: Building] WARN  o.e.m.c.i.embedder.EclipseLogger - Using platform encoding (UTF-8 actually) to copy filtered resources, i.e. build is platform dependent!
2023-01-10 00:17:45,099 [Worker-2: Building] INFO  o.e.m.c.i.embedder.EclipseLogger - Copying 0 resource
2023-01-10 00:18:51,100 [Worker-5: Building] WARN  o.e.m.c.i.embedder.EclipseLogger - Using platform encoding (UTF-8 actually) to copy filtered resources, i.e. build is platform dependent!
2023-01-10 00:18:51,101 [Worker-5: Building] INFO  o.e.m.c.i.embedder.EclipseLogger - Copying 0 resource
2023-01-10 00:18:51,103 [Worker-5: Building] WARN  o.e.m.c.i.embedder.EclipseLogger - Using platform encoding (UTF-8 actually) to copy filtered resources, i.e. build is platform dependent!
2023-01-10 00:18:51,104 [Worker-5: Building] INFO  o.e.m.c.i.embedder.EclipseLogger - Copying 0 resource
2023-01-10 00:20:17,300 [Worker-2: Building] WARN  o.e.m.c.i.embedder.EclipseLogger - Using platform encoding (UTF-8 actually) to copy filtered resources, i.e. build is platform dependent!
2023-01-10 00:20:17,301 [Worker-2: Building] INFO  o.e.m.c.i.embedder.EclipseLogger - Copying 0 resource
2023-01-10 00:20:17,303 [Worker-2: Building] WARN  o.e.m.c.i.embedder.EclipseLogger - Using platform encoding (UTF-8 actually) to copy filtered resources, i.e. build is platform dependent!
2023-01-10 00:20:17,305 [Worker-2: Building] INFO  o.e.m.c.i.embedder.EclipseLogger - Copying 0 resource
2023-01-16 06:37:39,888 [Worker-2: Loading available Gradle versions] INFO  o.e.b.c.i.u.g.PublishedGradleVersions - Gradle version information cache is out-of-date. Trying to update.
2023-01-16 06:55:52,254 [Worker-10: Launching PostBody] WARN  o.e.m.c.i.embedder.EclipseLogger - Using platform encoding (UTF-8 actually) to copy filtered resources, i.e. build is platform dependent!
2023-01-16 06:55:52,262 [Worker-10: Launching PostBody] INFO  o.e.m.c.i.embedder.EclipseLogger - Copying 0 resource
2023-01-16 06:55:52,265 [Worker-10: Launching PostBody] WARN  o.e.m.c.i.embedder.EclipseLogger - Using platform encoding (UTF-8 actually) to copy filtered resources, i.e. build is platform dependent!
2023-01-16 06:55:52,267 [Worker-10: Launching PostBody] INFO  o.e.m.c.i.embedder.EclipseLogger - Copying 0 resource
2023-01-16 06:58:57,528 [Worker-15: Building] WARN  o.e.m.c.i.embedder.EclipseLogger - Using platform encoding (UTF-8 actually) to copy filtered resources, i.e. build is platform dependent!
2023-01-16 06:58:57,537 [Worker-15: Building] INFO  o.e.m.c.i.embedder.EclipseLogger - Copying 0 resource
2023-01-16 06:58:57,539 [Worker-15: Building] WARN  o.e.m.c.i.embedder.EclipseLogger - Using platform encoding (UTF-8 actually) to copy filtered resources, i.e. build is platform dependent!
2023-01-16 06:58:57,542 [Worker-15: Building] INFO  o.e.m.c.i.embedder.EclipseLogger - Copying 0 resource
2023-01-16 07:08:38,141 [Worker-20: Launching PostBody] WARN  o.e.m.c.i.embedder.EclipseLogger - Using platform encoding (UTF-8 actually) to copy filtered resources, i.e. build is platform dependent!
2023-01-16 07:08:38,143 [Worker-20: Launching PostBody] INFO  o.e.m.c.i.embedder.EclipseLogger - Copying 0 resource
2023-01-16 07:08:38,145 [Worker-20: Launching PostBody] WARN  o.e.m.c.i.embedder.EclipseLogger - Using platform encoding (UTF-8 actually) to copy filtered resources, i.e. build is platform dependent!
2023-01-16 07:08:38,147 [Worker-20: Launching PostBody] INFO  o.e.m.c.i.embedder.EclipseLogger - Copying 0 resource
2023-01-16 07:11:02,756 [Worker-17: Building] WARN  o.e.m.c.i.embedder.EclipseLogger - Using platform encoding (UTF-8 actually) to copy filtered resources, i.e. build is platform dependent!
2023-01-16 07:11:02,758 [Worker-17: Building] INFO  o.e.m.c.i.embedder.EclipseLogger - Copying 0 resource
2023-01-16 07:11:02,760 [Worker-17: Building] WARN  o.e.m.c.i.embedder.EclipseLogger - Using platform encoding (UTF-8 actually) to copy filtered resources, i.e. build is platform dependent!
2023-01-16 07:11:02,762 [Worker-17: Building] INFO  o.e.m.c.i.embedder.EclipseLogger - Copying 0 resource
2023-01-16 07:20:45,352 [Worker-42: Building] WARN  o.e.m.c.i.embedder.EclipseLogger - Using platform encoding (UTF-8 actually) to copy filtered resources, i.e. build is platform dependent!
2023-01-16 07:20:45,353 [Worker-42: Building] INFO  o.e.m.c.i.embedder.EclipseLogger - Copying 0 resource
2023-01-16 07:20:45,355 [Worker-42: Building] WARN  o.e.m.c.i.embedder.EclipseLogger - Using platform encoding (UTF-8 actually) to copy filtered resources, i.e. build is platform dependent!
2023-01-16 07:20:45,357 [Worker-42: Building] INFO  o.e.m.c.i.embedder.EclipseLogger - Copying 0 resource
2023-01-16 07:26:14,157 [Worker-42: Launching PostBody] WARN  o.e.m.c.i.embedder.EclipseLogger - Using platform encoding (UTF-8 actually) to copy filtered resources, i.e. build is platform dependent!
2023-01-16 07:26:14,158 [Worker-42: Launching PostBody] INFO  o.e.m.c.i.embedder.EclipseLogger - Copying 0 resource
2023-01-16 07:26:14,160 [Worker-42: Launching PostBody] WARN  o.e.m.c.i.embedder.EclipseLogger - Using platform encoding (UTF-8 actually) to copy filtered resources, i.e. build is platform dependent!
2023-01-16 07:26:14,162 [Worker-42: Launching PostBody] INFO  o.e.m.c.i.embedder.EclipseLogger - Copying 0 resource
2023-01-16 07:27:12,585 [Worker-45: Launching PostBody] WARN  o.e.m.c.i.embedder.EclipseLogger - Using platform encoding (UTF-8 actually) to copy filtered resources, i.e. build is platform dependent!
2023-01-16 07:27:12,587 [Worker-45: Launching PostBody] INFO  o.e.m.c.i.embedder.EclipseLogger - Copying 0 resource
2023-01-16 07:27:12,589 [Worker-45: Launching PostBody] WARN  o.e.m.c.i.embedder.EclipseLogger - Using platform encoding (UTF-8 actually) to copy filtered resources, i.e. build is platform dependent!
2023-01-16 07:27:12,591 [Worker-45: Launching PostBody] INFO  o.e.m.c.i.embedder.EclipseLogger - Copying 0 resource
2023-01-16 07:27:50,935 [Worker-44: Launching PostBody] WARN  o.e.m.c.i.embedder.EclipseLogger - Using platform encoding (UTF-8 actually) to copy filtered resources, i.e. build is platform dependent!
2023-01-16 07:27:50,937 [Worker-44: Launching PostBody] INFO  o.e.m.c.i.embedder.EclipseLogger - Copying 0 resource
2023-01-16 07:27:50,939 [Worker-44: Launching PostBody] WARN  o.e.m.c.i.embedder.EclipseLogger - Using platform encoding (UTF-8 actually) to copy filtered resources, i.e. build is platform dependent!
2023-01-16 07:27:50,941 [Worker-44: Launching PostBody] INFO  o.e.m.c.i.embedder.EclipseLogger - Copying 0 resource
2023-01-16 07:28:05,086 [Worker-42: Launching PostBody] WARN  o.e.m.c.i.embedder.EclipseLogger - Using platform encoding (UTF-8 actually) to copy filtered resources, i.e. build is platform dependent!
2023-01-16 07:28:05,088 [Worker-42: Launching PostBody] INFO  o.e.m.c.i.embedder.EclipseLogger - Copying 0 resource
2023-01-16 07:28:05,090 [Worker-42: Launching PostBody] WARN  o.e.m.c.i.embedder.EclipseLogger - Using platform encoding (UTF-8 actually) to copy filtered resources, i.e. build is platform dependent!
2023-01-16 07:28:05,092 [Worker-42: Launching PostBody] INFO  o.e.m.c.i.embedder.EclipseLogger - Copying 0 resource
2023-01-16 07:28:12,123 [Worker-35: Launching PostBody] WARN  o.e.m.c.i.embedder.EclipseLogger - Using platform encoding (UTF-8 actually) to copy filtered resources, i.e. build is platform dependent!
2023-01-16 07:28:12,125 [Worker-35: Launching PostBody] INFO  o.e.m.c.i.embedder.EclipseLogger - Copying 0 resource
2023-01-16 07:28:12,127 [Worker-35: Launching PostBody] WARN  o.e.m.c.i.embedder.EclipseLogger - Using platform encoding (UTF-8 actually) to copy filtered resources, i.e. build is platform dependent!
2023-01-16 07:28:12,129 [Worker-35: Launching PostBody] INFO  o.e.m.c.i.embedder.EclipseLogger - Copying 0 resource
2023-01-16 07:28:39,030 [Worker-35: Launching PostBody] WARN  o.e.m.c.i.embedder.EclipseLogger - Using platform encoding (UTF-8 actually) to copy filtered resources, i.e. build is platform dependent!
2023-01-16 07:28:39,031 [Worker-35: Launching PostBody] INFO  o.e.m.c.i.embedder.EclipseLogger - Copying 0 resource
